<?xml version="1.0" encoding="UTF-8"?>
<!-- Generated by org.testng.reporters.JUnitReportReporter -->
<testsuite skipped="0" hostname="PB-1FWCVP2" name="Pointsbet.SeleniumTest" tests="2" failures="0" timestamp="16 May 2019 06:12:28 GMT" time="0.000" errors="0">
  <testcase name="elementONUI" time="0.000" classname="Pointsbet.SeleniumTest"/>
  <testcase name="BrowserAutomation" time="0.000" classname="Pointsbet.SeleniumTest"/>
</testsuite> <!-- Pointsbet.SeleniumTest -->
