<?xml version="1.0" encoding="UTF-8"?>
<!-- Generated by org.testng.reporters.JUnitReportReporter -->
<testsuite skipped="0" hostname="PB-1FWCVP2" name="Pointsbet.RestAPITest" tests="2" failures="0" timestamp="16 May 2019 06:12:28 GMT" time="0.003" errors="0">
  <testcase name="despoitThroughDebit" time="0.001" classname="Pointsbet.RestAPITest"/>
  <testcase name="depositOnline" time="0.002" classname="Pointsbet.RestAPITest"/>
</testsuite> <!-- Pointsbet.RestAPITest -->
