<?xml version="1.0" encoding="UTF-8"?>
<!-- Generated by org.testng.reporters.JUnitReportReporter -->
<<<<<<< Updated upstream
<testsuite skipped="0" hostname="PB-1FWCVP2" name="Pointsbet.Login" tests="1" failures="0" timestamp="28 May 2019 03:20:33 GMT" time="7.823" errors="0">
  <testcase name="login" time="7.823" classname="Pointsbet.Login"/>
=======
<testsuite skipped="0" hostname="Lenovo-PC" name="Pointsbet.Login" tests="2" failures="0" timestamp="26 May 2019 03:59:29 GMT" time="16.064" errors="0">
  <testcase name="login" time="6.736" classname="Pointsbet.Login"/>
  <testcase name="browserOpening" time="9.328" classname="Pointsbet.Login"/>
>>>>>>> Stashed changes
</testsuite> <!-- Pointsbet.Login -->
