<?xml version="1.0" encoding="UTF-8"?>
<!-- Generated by org.testng.reporters.JUnitReportReporter -->
<testsuite skipped="0" hostname="PB-1FWCVP2" name="cucumberOption.TestRunner" tests="1" failures="0" timestamp="29 May 2019 06:15:46 GMT" time="17.843" errors="0">
  <testcase name="feature" time="17.843" classname="cucumberOption.TestRunner"/>
</testsuite> <!-- cucumberOption.TestRunner -->
