<?xml version="1.0" encoding="UTF-8"?>
<!-- Generated by org.testng.reporters.JUnitReportReporter -->
<testsuite hostname="PB-1FWCVP2" name="Pointsbet.RestAPITest" tests="2" failures="0" timestamp="16 May 2019 06:20:38 GMT" time="0.000" errors="0">
  <testcase name="depositOnline" time="0.000" classname="Pointsbet.RestAPITest"/>
  <testcase name="despoitThroughDebit" time="0.000" classname="Pointsbet.RestAPITest"/>
</testsuite> <!-- Pointsbet.RestAPITest -->
